-----------------------------------------------------------------------------------------------------------------------------------
      name:  <unnamed>
       log:  /hpchome/econ/tmr17/HSsports/NLSY79analysis/analysisAll.log
  log type:  text
 opened on:   3 Oct 2017, 16:14:40

. 
. * qui creturn list
. * if "`c(os)'"=="Windows" {
.     local arCeeAr rcr

.     local arCeeArOpts0 ", lambda(0 .05)"

.     local arCeeArOpts1 ", lambda(0 .1)"

.     local arCeeArOpts2 ", lambda(0 .15)"

. * }
. * else {
.     * local arCeeAr "qui sum"
.     * local arCeeArOpts0 
.     * local arCeeArOpts1 
.     * local arCeeArOpts2 
. * }
. 
. set mem 5g
set memory ignored.
    Memory no longer needs to be set in modern Statas; memory adjustments are performed on the fly automatically.

. set matsize 11000

. set maxvar  32000


. 
. log close
      name:  <unnamed>
       log:  /hpchome/econ/tmr17/HSsports/NLSY79analysis/analysisAll.log
  log type:  text
 closed on:   3 Oct 2017, 16:14:40
-----------------------------------------------------------------------------------------------------------------------------------
